<?xml version="1.0" encoding="UTF-8"?>
<testsuite name="com.metro.controller.UserControllerTest" time="1.539" tests="1" errors="0" skipped="0" failures="1">
  <properties>
    <property name="java.runtime.name" value="OpenJDK Runtime Environment"/>
    <property name="sun.boot.library.path" value="/usr/lib/jvm/java-8-openjdk-amd64/jre/lib/amd64"/>
    <property name="java.vm.version" value="25.151-b12"/>
    <property name="java.vm.vendor" value="Oracle Corporation"/>
    <property name="maven.multiModuleProjectDirectory" value="/home/ubuntu/java/provider2-example"/>
    <property name="java.vendor.url" value="http://java.oracle.com/"/>
    <property name="path.separator" value=":"/>
    <property name="guice.disable.misplaced.annotation.check" value="true"/>
    <property name="java.vm.name" value="OpenJDK 64-Bit Server VM"/>
    <property name="file.encoding.pkg" value="sun.io"/>
    <property name="user.country" value="US"/>
    <property name="sun.java.launcher" value="SUN_STANDARD"/>
    <property name="sun.os.patch.level" value="unknown"/>
    <property name="java.vm.specification.name" value="Java Virtual Machine Specification"/>
    <property name="user.dir" value="/home/ubuntu/java/provider2-example"/>
    <property name="java.runtime.version" value="1.8.0_151-8u151-b12-0ubuntu0.16.04.2-b12"/>
    <property name="java.awt.graphicsenv" value="sun.awt.X11GraphicsEnvironment"/>
    <property name="java.endorsed.dirs" value="/usr/lib/jvm/java-8-openjdk-amd64/jre/lib/endorsed"/>
    <property name="os.arch" value="amd64"/>
    <property name="java.io.tmpdir" value="/tmp"/>
    <property name="line.separator" value="&#10;"/>
    <property name="java.vm.specification.vendor" value="Oracle Corporation"/>
    <property name="os.name" value="Linux"/>
    <property name="classworlds.conf" value="/usr/share/maven/bin/m2.conf"/>
    <property name="sun.jnu.encoding" value="UTF-8"/>
    <property name="java.library.path" value="/usr/java/packages/lib/amd64:/usr/lib/x86_64-linux-gnu/jni:/lib/x86_64-linux-gnu:/usr/lib/x86_64-linux-gnu:/usr/lib/jni:/lib:/usr/lib"/>
    <property name="java.specification.name" value="Java Platform API Specification"/>
    <property name="java.class.version" value="52.0"/>
    <property name="sun.management.compiler" value="HotSpot 64-Bit Tiered Compilers"/>
    <property name="os.version" value="4.4.0-1039-aws"/>
    <property name="user.home" value="/home/ubuntu"/>
    <property name="user.timezone" value="Etc/UTC"/>
    <property name="java.awt.printerjob" value="sun.print.PSPrinterJob"/>
    <property name="file.encoding" value="UTF-8"/>
    <property name="java.specification.version" value="1.8"/>
    <property name="user.name" value="ubuntu"/>
    <property name="java.class.path" value="/usr/share/maven/boot/plexus-classworlds-2.x.jar"/>
    <property name="java.vm.specification.version" value="1.8"/>
    <property name="sun.arch.data.model" value="64"/>
    <property name="java.home" value="/usr/lib/jvm/java-8-openjdk-amd64/jre"/>
    <property name="sun.java.command" value="org.codehaus.plexus.classworlds.launcher.Launcher clean install"/>
    <property name="java.specification.vendor" value="Oracle Corporation"/>
    <property name="user.language" value="en"/>
    <property name="awt.toolkit" value="sun.awt.X11.XToolkit"/>
    <property name="java.vm.info" value="mixed mode"/>
    <property name="java.version" value="1.8.0_151"/>
    <property name="java.ext.dirs" value="/usr/lib/jvm/java-8-openjdk-amd64/jre/lib/ext:/usr/java/packages/lib/ext"/>
    <property name="securerandom.source" value="file:/dev/./urandom"/>
    <property name="sun.boot.class.path" value="/usr/lib/jvm/java-8-openjdk-amd64/jre/lib/resources.jar:/usr/lib/jvm/java-8-openjdk-amd64/jre/lib/rt.jar:/usr/lib/jvm/java-8-openjdk-amd64/jre/lib/sunrsasign.jar:/usr/lib/jvm/java-8-openjdk-amd64/jre/lib/jsse.jar:/usr/lib/jvm/java-8-openjdk-amd64/jre/lib/jce.jar:/usr/lib/jvm/java-8-openjdk-amd64/jre/lib/charsets.jar:/usr/lib/jvm/java-8-openjdk-amd64/jre/lib/jfr.jar:/usr/lib/jvm/java-8-openjdk-amd64/jre/classes"/>
    <property name="java.vendor" value="Oracle Corporation"/>
    <property name="maven.home" value="/usr/share/maven"/>
    <property name="file.separator" value="/"/>
    <property name="java.vendor.url.bug" value="http://bugreport.sun.com/bugreport/"/>
    <property name="sun.cpu.endian" value="little"/>
    <property name="sun.io.unicode.encoding" value="UnicodeLittle"/>
    <property name="sun.cpu.isalist" value=""/>
  </properties>
  <testcase name="platform_cdc_javaConsumer - ExampleJavaConsumerPactTest test interaction" classname="com.metro.controller.UserControllerTest" time="1.539">
    <failure message="&#10;0 - $.password -&gt; [{mismatch=Expected &apos;micel&apos; but received &apos;michel&apos;, diff=}]" type="java.lang.AssertionError">java.lang.AssertionError: 
0 - $.password -> [{mismatch=Expected 'micel' but received 'michel', diff=}]
	at au.com.dius.pact.provider.junit.target.BaseTarget.getAssertionError(BaseTarget.java:86)
	at au.com.dius.pact.provider.junit.target.HttpTarget.testInteraction(HttpTarget.java:120)
	at au.com.dius.pact.provider.junit.InteractionRunner$2.evaluate(InteractionRunner.java:214)
	at au.com.dius.pact.provider.junit.RunStateChanges.evaluate(RunStateChanges.java:31)
	at au.com.dius.pact.provider.junit.InteractionRunner.run(InteractionRunner.java:162)
	at au.com.dius.pact.provider.junit.PactRunner.runChild(PactRunner.java:114)
	at au.com.dius.pact.provider.junit.PactRunner.runChild(PactRunner.java:52)
	at org.junit.runners.ParentRunner$3.run(ParentRunner.java:290)
	at org.junit.runners.ParentRunner$1.schedule(ParentRunner.java:71)
	at org.junit.runners.ParentRunner.runChildren(ParentRunner.java:288)
	at org.junit.runners.ParentRunner.access$000(ParentRunner.java:58)
	at org.junit.runners.ParentRunner$2.evaluate(ParentRunner.java:268)
	at org.junit.internal.runners.statements.RunBefores.evaluate(RunBefores.java:26)
	at org.junit.internal.runners.statements.RunAfters.evaluate(RunAfters.java:27)
	at org.junit.runners.ParentRunner.run(ParentRunner.java:363)
	at org.apache.maven.surefire.junit4.JUnit4Provider.execute(JUnit4Provider.java:283)
	at org.apache.maven.surefire.junit4.JUnit4Provider.executeWithRerun(JUnit4Provider.java:173)
	at org.apache.maven.surefire.junit4.JUnit4Provider.executeTestSet(JUnit4Provider.java:153)
	at org.apache.maven.surefire.junit4.JUnit4Provider.invoke(JUnit4Provider.java:128)
	at org.apache.maven.surefire.booter.ForkedBooter.invokeProviderInSameClassLoader(ForkedBooter.java:203)
	at org.apache.maven.surefire.booter.ForkedBooter.runSuitesInProcess(ForkedBooter.java:155)
	at org.apache.maven.surefire.booter.ForkedBooter.main(ForkedBooter.java:103)
</failure>
    <system-out><![CDATA[{"@timestamp":"2017-11-10T12:51:16.288+00:00","@hostname":"null","@vertical":"DRP_CF_VERTICAL_IS_UNDEFINED","@type":"service","@service-name":"DRP_CF_SERVICE_IS_UNDEFINED","@service-version":"DRP_CF_VERSION_IS_UNDEFINED","@trace-id":"","@retention":"technical","thread":"main","logger":"org.apache.maven.surefire.booter.ForkedBooter","log-level":"INFO","message":"Starting ForkedBooter v2.18.1 on ip-10-10-3-60 with PID 8071 (started by ubuntu in /home/ubuntu/java/provider2-example)"}
{"@timestamp":"2017-11-10T12:51:16.322+00:00","@hostname":"null","@vertical":"DRP_CF_VERTICAL_IS_UNDEFINED","@type":"service","@service-name":"DRP_CF_SERVICE_IS_UNDEFINED","@service-version":"DRP_CF_VERSION_IS_UNDEFINED","@trace-id":"","@retention":"technical","thread":"main","logger":"org.apache.maven.surefire.booter.ForkedBooter","log-level":"INFO","message":"No active profile set, falling back to default profiles: default"}
{"@timestamp":"2017-11-10T12:51:16.505+00:00","@hostname":"null","@vertical":"DRP_CF_VERTICAL_IS_UNDEFINED","@type":"service","@service-name":"DRP_CF_SERVICE_IS_UNDEFINED","@service-version":"DRP_CF_VERSION_IS_UNDEFINED","@trace-id":"","@retention":"technical","thread":"main","logger":"org.springframework.boot.context.embedded.AnnotationConfigEmbeddedWebApplicationContext","log-level":"INFO","message":"Refreshing org.springframework.boot.context.embedded.AnnotationConfigEmbeddedWebApplicationContext@20921b9b: startup date [Fri Nov 10 12:51:16 UTC 2017]; root of context hierarchy"}
{"@timestamp":"2017-11-10T12:51:16.728+00:00","@hostname":"null","@vertical":"DRP_CF_VERTICAL_IS_UNDEFINED","@type":"service","@service-name":"DRP_CF_SERVICE_IS_UNDEFINED","@service-version":"DRP_CF_VERSION_IS_UNDEFINED","@trace-id":"","@retention":"technical","thread":"background-preinit","logger":"org.hibernate.validator.internal.util.Version","log-level":"INFO","message":"HV000001: Hibernate Validator 5.3.5.Final"}
{"@timestamp":"2017-11-10T12:51:18.816+00:00","@hostname":"null","@vertical":"DRP_CF_VERTICAL_IS_UNDEFINED","@type":"service","@service-name":"DRP_CF_SERVICE_IS_UNDEFINED","@service-version":"DRP_CF_VERSION_IS_UNDEFINED","@trace-id":"","@retention":"technical","thread":"main","logger":"org.springframework.boot.context.embedded.tomcat.TomcatEmbeddedServletContainer","log-level":"INFO","message":"Tomcat initialized with port(s): 8082 (http)"}
{"@timestamp":"2017-11-10T12:51:18.846+00:00","@hostname":"null","@vertical":"DRP_CF_VERTICAL_IS_UNDEFINED","@type":"service","@service-name":"DRP_CF_SERVICE_IS_UNDEFINED","@service-version":"DRP_CF_VERSION_IS_UNDEFINED","@trace-id":"","@retention":"technical","thread":"main","logger":"org.apache.catalina.core.StandardService","log-level":"INFO","message":"Starting service [Tomcat]"}
{"@timestamp":"2017-11-10T12:51:18.852+00:00","@hostname":"null","@vertical":"DRP_CF_VERTICAL_IS_UNDEFINED","@type":"service","@service-name":"DRP_CF_SERVICE_IS_UNDEFINED","@service-version":"DRP_CF_VERSION_IS_UNDEFINED","@trace-id":"","@retention":"technical","thread":"main","logger":"org.apache.catalina.core.StandardEngine","log-level":"INFO","message":"Starting Servlet Engine: Apache Tomcat/8.5.15"}
{"@timestamp":"2017-11-10T12:51:19.061+00:00","@hostname":"null","@vertical":"DRP_CF_VERTICAL_IS_UNDEFINED","@type":"service","@service-name":"DRP_CF_SERVICE_IS_UNDEFINED","@service-version":"DRP_CF_VERSION_IS_UNDEFINED","@trace-id":"","@retention":"technical","thread":"localhost-startStop-1","logger":"org.apache.catalina.core.ContainerBase.[Tomcat].[localhost].[/]","log-level":"INFO","message":"Initializing Spring embedded WebApplicationContext"}
{"@timestamp":"2017-11-10T12:51:19.070+00:00","@hostname":"null","@vertical":"DRP_CF_VERTICAL_IS_UNDEFINED","@type":"service","@service-name":"DRP_CF_SERVICE_IS_UNDEFINED","@service-version":"DRP_CF_VERSION_IS_UNDEFINED","@trace-id":"","@retention":"technical","thread":"localhost-startStop-1","logger":"org.springframework.web.context.ContextLoader","log-level":"INFO","message":"Root WebApplicationContext: initialization completed in 2578 ms"}
{"@timestamp":"2017-11-10T12:51:19.306+00:00","@hostname":"null","@vertical":"DRP_CF_VERTICAL_IS_UNDEFINED","@type":"service","@service-name":"DRP_CF_SERVICE_IS_UNDEFINED","@service-version":"DRP_CF_VERSION_IS_UNDEFINED","@trace-id":"","@retention":"technical","thread":"localhost-startStop-1","logger":"org.springframework.boot.web.servlet.ServletRegistrationBean","log-level":"INFO","message":"Mapping servlet: 'dispatcherServlet' to [/]"}
{"@timestamp":"2017-11-10T12:51:19.322+00:00","@hostname":"null","@vertical":"DRP_CF_VERTICAL_IS_UNDEFINED","@type":"service","@service-name":"DRP_CF_SERVICE_IS_UNDEFINED","@service-version":"DRP_CF_VERSION_IS_UNDEFINED","@trace-id":"","@retention":"technical","thread":"localhost-startStop-1","logger":"org.springframework.boot.web.servlet.FilterRegistrationBean","log-level":"INFO","message":"Mapping filter: 'characterEncodingFilter' to: [/*]"}
{"@timestamp":"2017-11-10T12:51:19.330+00:00","@hostname":"null","@vertical":"DRP_CF_VERTICAL_IS_UNDEFINED","@type":"service","@service-name":"DRP_CF_SERVICE_IS_UNDEFINED","@service-version":"DRP_CF_VERSION_IS_UNDEFINED","@trace-id":"","@retention":"technical","thread":"localhost-startStop-1","logger":"org.springframework.boot.web.servlet.FilterRegistrationBean","log-level":"INFO","message":"Mapping filter: 'hiddenHttpMethodFilter' to: [/*]"}
{"@timestamp":"2017-11-10T12:51:19.331+00:00","@hostname":"null","@vertical":"DRP_CF_VERTICAL_IS_UNDEFINED","@type":"service","@service-name":"DRP_CF_SERVICE_IS_UNDEFINED","@service-version":"DRP_CF_VERSION_IS_UNDEFINED","@trace-id":"","@retention":"technical","thread":"localhost-startStop-1","logger":"org.springframework.boot.web.servlet.FilterRegistrationBean","log-level":"INFO","message":"Mapping filter: 'httpPutFormContentFilter' to: [/*]"}
{"@timestamp":"2017-11-10T12:51:19.333+00:00","@hostname":"null","@vertical":"DRP_CF_VERTICAL_IS_UNDEFINED","@type":"service","@service-name":"DRP_CF_SERVICE_IS_UNDEFINED","@service-version":"DRP_CF_VERSION_IS_UNDEFINED","@trace-id":"","@retention":"technical","thread":"localhost-startStop-1","logger":"org.springframework.boot.web.servlet.FilterRegistrationBean","log-level":"INFO","message":"Mapping filter: 'requestContextFilter' to: [/*]"}
{"@timestamp":"2017-11-10T12:51:19.978+00:00","@hostname":"null","@vertical":"DRP_CF_VERTICAL_IS_UNDEFINED","@type":"service","@service-name":"DRP_CF_SERVICE_IS_UNDEFINED","@service-version":"DRP_CF_VERSION_IS_UNDEFINED","@trace-id":"","@retention":"technical","thread":"main","logger":"org.springframework.web.servlet.mvc.method.annotation.RequestMappingHandlerAdapter","log-level":"INFO","message":"Looking for @ControllerAdvice: org.springframework.boot.context.embedded.AnnotationConfigEmbeddedWebApplicationContext@20921b9b: startup date [Fri Nov 10 12:51:16 UTC 2017]; root of context hierarchy"}
{"@timestamp":"2017-11-10T12:51:20.104+00:00","@hostname":"null","@vertical":"DRP_CF_VERTICAL_IS_UNDEFINED","@type":"service","@service-name":"DRP_CF_SERVICE_IS_UNDEFINED","@service-version":"DRP_CF_VERSION_IS_UNDEFINED","@trace-id":"","@retention":"technical","thread":"main","logger":"org.springframework.web.servlet.mvc.method.annotation.RequestMappingHandlerMapping","log-level":"INFO","message":"Mapped \"{[/.well-known/live],methods=[GET || HEAD]}\" onto public org.springframework.http.ResponseEntity<java.lang.String> com.metro.controller.LivenessCheckController.live(javax.servlet.http.HttpServletRequest,javax.servlet.http.HttpServletResponse)"}
{"@timestamp":"2017-11-10T12:51:20.116+00:00","@hostname":"null","@vertical":"DRP_CF_VERTICAL_IS_UNDEFINED","@type":"service","@service-name":"DRP_CF_SERVICE_IS_UNDEFINED","@service-version":"DRP_CF_VERSION_IS_UNDEFINED","@trace-id":"","@retention":"technical","thread":"main","logger":"org.springframework.web.servlet.mvc.method.annotation.RequestMappingHandlerMapping","log-level":"INFO","message":"Mapped \"{[/.well-known/ready],methods=[GET || HEAD]}\" onto public org.springframework.http.ResponseEntity<java.lang.String> com.metro.controller.ReadinessCheckController.live(javax.servlet.http.HttpServletRequest,javax.servlet.http.HttpServletResponse)"}
{"@timestamp":"2017-11-10T12:51:20.119+00:00","@hostname":"null","@vertical":"DRP_CF_VERTICAL_IS_UNDEFINED","@type":"service","@service-name":"DRP_CF_SERVICE_IS_UNDEFINED","@service-version":"DRP_CF_VERSION_IS_UNDEFINED","@trace-id":"","@retention":"technical","thread":"main","logger":"org.springframework.web.servlet.mvc.method.annotation.RequestMappingHandlerMapping","log-level":"INFO","message":"Mapped \"{[/data]}\" onto public com.metro.response.dto.Data com.metro.controller.UserController.dataDetails()"}
{"@timestamp":"2017-11-10T12:51:20.131+00:00","@hostname":"null","@vertical":"DRP_CF_VERTICAL_IS_UNDEFINED","@type":"service","@service-name":"DRP_CF_SERVICE_IS_UNDEFINED","@service-version":"DRP_CF_VERSION_IS_UNDEFINED","@trace-id":"","@retention":"technical","thread":"main","logger":"org.springframework.web.servlet.mvc.method.annotation.RequestMappingHandlerMapping","log-level":"INFO","message":"Mapped \"{[/error],produces=[text/html]}\" onto public org.springframework.web.servlet.ModelAndView org.springframework.boot.autoconfigure.web.BasicErrorController.errorHtml(javax.servlet.http.HttpServletRequest,javax.servlet.http.HttpServletResponse)"}
{"@timestamp":"2017-11-10T12:51:20.132+00:00","@hostname":"null","@vertical":"DRP_CF_VERTICAL_IS_UNDEFINED","@type":"service","@service-name":"DRP_CF_SERVICE_IS_UNDEFINED","@service-version":"DRP_CF_VERSION_IS_UNDEFINED","@trace-id":"","@retention":"technical","thread":"main","logger":"org.springframework.web.servlet.mvc.method.annotation.RequestMappingHandlerMapping","log-level":"INFO","message":"Mapped \"{[/error]}\" onto public org.springframework.http.ResponseEntity<java.util.Map<java.lang.String, java.lang.Object>> org.springframework.boot.autoconfigure.web.BasicErrorController.error(javax.servlet.http.HttpServletRequest)"}
{"@timestamp":"2017-11-10T12:51:20.191+00:00","@hostname":"null","@vertical":"DRP_CF_VERTICAL_IS_UNDEFINED","@type":"service","@service-name":"DRP_CF_SERVICE_IS_UNDEFINED","@service-version":"DRP_CF_VERSION_IS_UNDEFINED","@trace-id":"","@retention":"technical","thread":"main","logger":"org.springframework.web.servlet.handler.SimpleUrlHandlerMapping","log-level":"INFO","message":"Mapped URL path [/webjars/**] onto handler of type [class org.springframework.web.servlet.resource.ResourceHttpRequestHandler]"}
{"@timestamp":"2017-11-10T12:51:20.197+00:00","@hostname":"null","@vertical":"DRP_CF_VERTICAL_IS_UNDEFINED","@type":"service","@service-name":"DRP_CF_SERVICE_IS_UNDEFINED","@service-version":"DRP_CF_VERSION_IS_UNDEFINED","@trace-id":"","@retention":"technical","thread":"main","logger":"org.springframework.web.servlet.handler.SimpleUrlHandlerMapping","log-level":"INFO","message":"Mapped URL path [/**] onto handler of type [class org.springframework.web.servlet.resource.ResourceHttpRequestHandler]"}
{"@timestamp":"2017-11-10T12:51:20.266+00:00","@hostname":"null","@vertical":"DRP_CF_VERTICAL_IS_UNDEFINED","@type":"service","@service-name":"DRP_CF_SERVICE_IS_UNDEFINED","@service-version":"DRP_CF_VERSION_IS_UNDEFINED","@trace-id":"","@retention":"technical","thread":"main","logger":"org.springframework.web.servlet.handler.SimpleUrlHandlerMapping","log-level":"INFO","message":"Mapped URL path [/**/favicon.ico] onto handler of type [class org.springframework.web.servlet.resource.ResourceHttpRequestHandler]"}
{"@timestamp":"2017-11-10T12:51:20.937+00:00","@hostname":"null","@vertical":"DRP_CF_VERTICAL_IS_UNDEFINED","@type":"service","@service-name":"DRP_CF_SERVICE_IS_UNDEFINED","@service-version":"DRP_CF_VERSION_IS_UNDEFINED","@trace-id":"","@retention":"technical","thread":"main","logger":"org.springframework.jmx.export.annotation.AnnotationMBeanExporter","log-level":"INFO","message":"Registering beans for JMX exposure on startup"}
{"@timestamp":"2017-11-10T12:51:20.975+00:00","@hostname":"null","@vertical":"DRP_CF_VERTICAL_IS_UNDEFINED","@type":"service","@service-name":"DRP_CF_SERVICE_IS_UNDEFINED","@service-version":"DRP_CF_VERSION_IS_UNDEFINED","@trace-id":"","@retention":"technical","thread":"main","logger":"org.apache.coyote.http11.Http11NioProtocol","log-level":"INFO","message":"Initializing ProtocolHandler [\"http-nio-0.0.0.0-8082\"]"}
{"@timestamp":"2017-11-10T12:51:20.999+00:00","@hostname":"null","@vertical":"DRP_CF_VERTICAL_IS_UNDEFINED","@type":"service","@service-name":"DRP_CF_SERVICE_IS_UNDEFINED","@service-version":"DRP_CF_VERSION_IS_UNDEFINED","@trace-id":"","@retention":"technical","thread":"main","logger":"org.apache.coyote.http11.Http11NioProtocol","log-level":"INFO","message":"Starting ProtocolHandler [\"http-nio-0.0.0.0-8082\"]"}
{"@timestamp":"2017-11-10T12:51:21.021+00:00","@hostname":"null","@vertical":"DRP_CF_VERTICAL_IS_UNDEFINED","@type":"service","@service-name":"DRP_CF_SERVICE_IS_UNDEFINED","@service-version":"DRP_CF_VERSION_IS_UNDEFINED","@trace-id":"","@retention":"technical","thread":"main","logger":"org.apache.tomcat.util.net.NioSelectorPool","log-level":"INFO","message":"Using a shared selector for servlet write/read"}
{"@timestamp":"2017-11-10T12:51:21.070+00:00","@hostname":"null","@vertical":"DRP_CF_VERTICAL_IS_UNDEFINED","@type":"service","@service-name":"DRP_CF_SERVICE_IS_UNDEFINED","@service-version":"DRP_CF_VERSION_IS_UNDEFINED","@trace-id":"","@retention":"technical","thread":"main","logger":"org.springframework.boot.context.embedded.tomcat.TomcatEmbeddedServletContainer","log-level":"INFO","message":"Tomcat started on port(s): 8082 (http)"}
{"@timestamp":"2017-11-10T12:51:21.081+00:00","@hostname":"null","@vertical":"DRP_CF_VERTICAL_IS_UNDEFINED","@type":"service","@service-name":"DRP_CF_SERVICE_IS_UNDEFINED","@service-version":"DRP_CF_VERSION_IS_UNDEFINED","@trace-id":"","@retention":"technical","thread":"main","logger":"org.apache.maven.surefire.booter.ForkedBooter","log-level":"INFO","message":"Started ForkedBooter in 5.31 seconds (JVM running for 9.251)"}
in test state.....

Verifying a pact between platform_cdc_javaConsumer and platform_cdc_javaProvider1
  Given test state
  ExampleJavaConsumerPactTest test interaction
{"@timestamp":"2017-11-10T12:51:21.614+00:00","@hostname":"null","@vertical":"DRP_CF_VERTICAL_IS_UNDEFINED","@type":"service","@service-name":"DRP_CF_SERVICE_IS_UNDEFINED","@service-version":"DRP_CF_VERSION_IS_UNDEFINED","@trace-id":"","@retention":"technical","thread":"http-nio-0.0.0.0-8082-exec-1","logger":"org.apache.catalina.core.ContainerBase.[Tomcat].[localhost].[/]","log-level":"INFO","message":"Initializing Spring FrameworkServlet 'dispatcherServlet'"}
{"@timestamp":"2017-11-10T12:51:21.615+00:00","@hostname":"null","@vertical":"DRP_CF_VERTICAL_IS_UNDEFINED","@type":"service","@service-name":"DRP_CF_SERVICE_IS_UNDEFINED","@service-version":"DRP_CF_VERSION_IS_UNDEFINED","@trace-id":"","@retention":"technical","thread":"http-nio-0.0.0.0-8082-exec-1","logger":"org.springframework.web.servlet.DispatcherServlet","log-level":"INFO","message":"FrameworkServlet 'dispatcherServlet': initialization started"}
{"@timestamp":"2017-11-10T12:51:21.642+00:00","@hostname":"null","@vertical":"DRP_CF_VERTICAL_IS_UNDEFINED","@type":"service","@service-name":"DRP_CF_SERVICE_IS_UNDEFINED","@service-version":"DRP_CF_VERSION_IS_UNDEFINED","@trace-id":"","@retention":"technical","thread":"http-nio-0.0.0.0-8082-exec-1","logger":"org.springframework.web.servlet.DispatcherServlet","log-level":"INFO","message":"FrameworkServlet 'dispatcherServlet': initialization completed in 25 ms"}
{"@timestamp":"2017-11-10T12:51:21.680+00:00","@hostname":"null","@vertical":"DRP_CF_VERTICAL_IS_UNDEFINED","@type":"service","@service-name":"DRP_CF_SERVICE_IS_UNDEFINED","@service-version":"DRP_CF_VERSION_IS_UNDEFINED","@trace-id":"","@retention":"technical","thread":"http-nio-0.0.0.0-8082-exec-1","logger":"com.metro.controller.UserController","log-level":"INFO","message":"invoking user service to get user details"}
    returns a response which
      has status code 200 (OK)
      includes headers
        "Content-Type" with value "application/json; charset=UTF-8" (OK)
      has a matching body (FAILED)

Failures:

0) ExampleJavaConsumerPactTest test interaction returns a response which has a matching body
      $.password -> Expected 'micel' but received 'michel'


]]></system-out>
  </testcase>
</testsuite>